<?xml version="1.0" encoding="UTF-8"?>
<!-- Generated by org.testng.reporters.JUnitXMLReporter -->
<testsuite ignored="2" hostname="sharanabasappa" failures="0" tests="3" name="CarLoan" time="0.109" errors="0" timestamp="2024-03-21T15:06:43 IST">
  <testcase classname="TestNgTutorial.TestNgDemo4" name="LoginApiHomeloan" time="0.014"/>
  <testcase classname="TestNgTutorial.TestNgDemo4" name="LoginApiHomeloan1" time="0.001"/>
  <testcase classname="TestNgTutorial.TestNgDemo4" name="LoginApiHomeloan2" time="0.002"/>
  <testcase classname="TestNgTutorial.TestNgDemo4" name="WebLoginHomeloan" time="0.0">
    <ignored/>
  </testcase> <!-- WebLoginHomeloan -->
  <testcase classname="TestNgTutorial.TestNgDemo4" name="MobileLoginHomeloan" time="0.0">
    <ignored/>
  </testcase> <!-- MobileLoginHomeloan -->
</testsuite> <!-- CarLoan -->
