<?xml version="1.0" encoding="UTF-8"?>
<!-- Generated by org.testng.reporters.JUnitXMLReporter -->
<testsuite ignored="1" hostname="sharanabasappa" failures="0" tests="2" name="PersonalLoan" time="0.098" errors="0" timestamp="2024-03-21T15:06:43 IST">
  <testcase classname="TestNgTutorial.TestNgDemo" name="Demo" time="0.019"/>
  <testcase classname="TestNgTutorial.TestNgDemo1" name="pLoan" time="0.001"/>
  <testcase classname="TestNgTutorial.TestNgDemo" name="secondTest" time="0.0">
    <ignored/>
  </testcase> <!-- secondTest -->
</testsuite> <!-- PersonalLoan -->
